  main.cpp
main.cpp(98): warning C4244: '引數': 將 'GLdouble' 轉換為 'GLfloat'，由於類型不同，可能導致資料遺失
main.cpp(111): warning C4244: '引數': 將 'double' 轉換為 'GLint'，由於類型不同，可能導致資料遺失
main.cpp(116): warning C4244: '引數': 將 'double' 轉換為 'GLint'，由於類型不同，可能導致資料遺失
main.cpp(121): warning C4244: '引數': 將 'double' 轉換為 'GLint'，由於類型不同，可能導致資料遺失
main.cpp(140): warning C4244: '引數': 將 'double' 轉換為 'GLint'，由於類型不同，可能導致資料遺失
main.cpp(163): warning C4244: '引數': 將 'double' 轉換為 'GLint'，由於類型不同，可能導致資料遺失
main.cpp(181): warning C4244: '引數': 將 'double' 轉換為 'GLint'，由於類型不同，可能導致資料遺失
main.cpp(221): warning C4244: '引數': 將 'double' 轉換為 'GLint'，由於類型不同，可能導致資料遺失
main.cpp(263): warning C4244: '引數': 將 'double' 轉換為 'GLint'，由於類型不同，可能導致資料遺失
main.cpp(269): warning C4244: '引數': 將 'double' 轉換為 'GLint'，由於類型不同，可能導致資料遺失
main.cpp(276): warning C4244: '引數': 將 'double' 轉換為 'GLint'，由於類型不同，可能導致資料遺失
main.cpp(279): warning C4244: '引數': 將 'double' 轉換為 'GLint'，由於類型不同，可能導致資料遺失
main.cpp(287): warning C4244: '引數': 將 'double' 轉換為 'GLint'，由於類型不同，可能導致資料遺失
main.cpp(293): warning C4244: '引數': 將 'double' 轉換為 'GLint'，由於類型不同，可能導致資料遺失
main.cpp(298): warning C4244: '引數': 將 'double' 轉換為 'GLfloat'，由於類型不同，可能導致資料遺失
main.cpp(364): warning C4244: '引數': 將 'double' 轉換為 'GLint'，由於類型不同，可能導致資料遺失
main.cpp(380): warning C4244: '引數': 將 'double' 轉換為 'GLint'，由於類型不同，可能導致資料遺失
main.cpp(394): warning C4244: '引數': 將 'double' 轉換為 'GLint'，由於類型不同，可能導致資料遺失
main.cpp(400): warning C4244: '引數': 將 'double' 轉換為 'GLint'，由於類型不同，可能導致資料遺失
main.cpp(418): warning C4244: '引數': 將 'double' 轉換為 'GLint'，由於類型不同，可能導致資料遺失
main.cpp(434): warning C4244: '引數': 將 'double' 轉換為 'GLint'，由於類型不同，可能導致資料遺失
main.cpp(448): warning C4244: '引數': 將 'double' 轉換為 'GLint'，由於類型不同，可能導致資料遺失
main.cpp(454): warning C4244: '引數': 將 'double' 轉換為 'GLint'，由於類型不同，可能導致資料遺失
main.cpp(466): warning C4244: '引數': 將 'double' 轉換為 'GLfloat'，由於類型不同，可能導致資料遺失
main.cpp(469): warning C4244: '引數': 將 'double' 轉換為 'GLfloat'，由於類型不同，可能導致資料遺失
main.cpp(482): warning C4244: '引數': 將 'double' 轉換為 'GLfloat'，由於類型不同，可能導致資料遺失
main.cpp(486): warning C4244: '引數': 將 'double' 轉換為 'GLfloat'，由於類型不同，可能導致資料遺失
main.cpp(490): warning C4244: '引數': 將 'double' 轉換為 'GLfloat'，由於類型不同，可能導致資料遺失
main.cpp(497): warning C4244: '引數': 將 'double' 轉換為 'GLfloat'，由於類型不同，可能導致資料遺失
main.cpp(529): warning C4244: '引數': 將 'float' 轉換為 'GLint'，由於類型不同，可能導致資料遺失
main.cpp(531): warning C4244: '引數': 將 'float' 轉換為 'GLint'，由於類型不同，可能導致資料遺失
main.cpp(597): warning C4244: '=': 將 'double' 轉換為 'float'，由於類型不同，可能導致資料遺失
main.cpp(600): warning C4244: '=': 將 'double' 轉換為 'float'，由於類型不同，可能導致資料遺失
main.cpp(606): warning C4244: '=': 將 'double' 轉換為 'float'，由於類型不同，可能導致資料遺失
main.cpp(689): warning C4244: '=': 將 'double' 轉換為 'float'，由於類型不同，可能導致資料遺失
main.cpp(698): warning C4244: '=': 將 'double' 轉換為 'float'，由於類型不同，可能導致資料遺失
main.cpp(704): warning C4244: '=': 將 'double' 轉換為 'float'，由於類型不同，可能導致資料遺失
main.cpp(832): warning C4101: 'count_menu': 未參考的區域變數
main.cpp(832): warning C4101: 'main_menu': 未參考的區域變數
main.cpp(832): warning C4101: 'action_menu': 未參考的區域變數
  正在產生程式碼
  All 31 functions were compiled because no usable IPDB/IOBJ from previous compilation was found.
  已完成程式碼產生
  GLUT.vcxproj -> C:\Users\Ally\Desktop\計算機圖學導論\Project 1\Release\GLUT.exe
